
wsclean -no-update-model-required -minuv-l 200.0 -maxuv-l 200000 -beam-size 2  -size 1600 1600 -reorder \
-weight briggs 0.0 -clean-border 1 -parallel-reordering 4 -mgain 0.8 -data-column DATA -padding 1.4 -join-channels \
-channels-out 3 -auto-mask 2.5 -auto-threshold 0.5 -fit-spectral-pol 2 -pol i  -gridder wgridder -name image_FB_outer_uvcut -scale 0.5arcsec \
-nmiter 12 -niter 15000 ../1?0sMHz/L723586_SB001_uaveraged_v_12E068069t_1*

wsclean -no-update-model-required -minuv-l 200.0 -maxuv-l 2000000  -size 1600 1600 -reorder \
-weight briggs 0.0 -clean-border 1 -parallel-reordering 4 -mgain 0.8 -data-column DATA -padding 1.4 -join-channels \
-channels-out 3 -auto-mask 2.5 -auto-threshold 0.5 -fit-spectral-pol 2 -pol i  -gridder wgridder -name image_FB_ILT -scale 0.5arcsec \
-nmiter 12 -niter 15000 -circular-beam  ../1?0sMHz/L723586_SB001_uaveraged_v_12E068069t_1*


wsclean -no-update-model-required -minuv-l 40000 -maxuv-l 2000000 -beam-size 0.4 -size 1600 1600 -reorder \
-weight briggs -0.5 -clean-border 1 -parallel-reordering 4 -mgain 0.8 -data-column DATA -padding 1.4 -join-channels \
-channels-out 4 -auto-mask 2.5 -auto-threshold 0.5 -fit-spectral-pol 10 -baseline-averaging 6.13592315154 -pol i  -gridder wgridder -name image_FB_ILT_briggs-0.5 -scale 0.075arcsec \
-nmiter 12 -niter 15000 -circular-beam  ../1?0sMHz/L723586_SB001_uaveraged_v_12E068069t_1*

DP3 'steps=[avg,count]' avg.type=averager avg.freqstep=10 msin.orderms=False msin.missingdata=True msout.overwrite=True msout.writefullresflag=False \
count.savetojson=True count.jsonfilename=out.json msin.datacolumn=DATA msout.datacolumn=DATA numthreads=15 \
'msin=[L723586_SB001_uaveraged_v_12E068069t_121MHz.msdpppconcat, L723586_SB001_uaveraged_v_12E068069t_123MHz.msdpppconcat, L723586_SB001_uaveraged_v_12E068069t_125MHz.msdpppconcat,
L723586_SB001_uaveraged_v_12E068069t_127MHz.msdpppconcat, L723586_SB001_uaveraged_v_12E068069t_129MHz.msdpppconcat]' msout=L723586_120s_averaged.MS msout.storagemanager=dysco ; \


DP3 'steps=[avg,count]' avg.type=averager avg.freqstep=10 msin.orderms=False msin.missingdata=True msout.overwrite=True msout.writefullresflag=False \
count.savetojson=True count.jsonfilename=out.json msin.datacolumn=DATA msout.datacolumn=DATA numthreads=15 \
'msin=[L723586_SB001_uaveraged_v_12E068069t_130MHz.msdpppconcat, L723586_SB001_uaveraged_v_12E068069t_132MHz.msdpppconcat, L723586_SB001_uaveraged_v_12E068069t_134MHz.msdpppconcat,
L723586_SB001_uaveraged_v_12E068069t_136MHz.msdpppconcat, L723586_SB001_uaveraged_v_12E068069t_138MHz.msdpppconcat]' msout=L723586_130s_averaged.MS msout.storagemanager=dysco ; \
DP3 'steps=[avg,count]' avg.type=averager avg.freqstep=10 msin.orderms=False msin.missingdata=True msout.overwrite=True msout.writefullresflag=False \
count.savetojson=True count.jsonfilename=out.json msin.datacolumn=DATA msout.datacolumn=DATA numthreads=15 \
'msin=[L723586_SB001_uaveraged_v_12E068069t_140MHz.msdpppconcat, L723586_SB001_uaveraged_v_12E068069t_142MHz.msdpppconcat, L723586_SB001_uaveraged_v_12E068069t_144MHz.msdpppconcat,
L723586_SB001_uaveraged_v_12E068069t_146MHz.msdpppconcat, L723586_SB001_uaveraged_v_12E068069t_148MHz.msdpppconcat]' msout=L723586_140s_averaged.MS msout.storagemanager=dysco ; \
DP3 'steps=[avg,count]' avg.type=averager avg.freqstep=10 msin.orderms=False msin.missingdata=True msout.overwrite=True msout.writefullresflag=False \
count.savetojson=True count.jsonfilename=out.json msin.datacolumn=DATA msout.datacolumn=DATA numthreads=15 \
'msin=[L723586_SB001_uaveraged_v_12E068069t_150MHz.msdpppconcat, L723586_SB001_uaveraged_v_12E068069t_152MHz.msdpppconcat, L723586_SB001_uaveraged_v_12E068069t_154MHz.msdpppconcat,
L723586_SB001_uaveraged_v_12E068069t_156MHz.msdpppconcat, L723586_SB001_uaveraged_v_12E068069t_158MHz.msdpppconcat]' msout=L723586_150s_averaged.MS msout.storagemanager=dysco ; \
DP3 'steps=[avg,count]' avg.type=averager avg.freqstep=10 msin.orderms=False msin.missingdata=True msout.overwrite=True msout.writefullresflag=False \
count.savetojson=True count.jsonfilename=out.json msin.datacolumn=DATA msout.datacolumn=DATA numthreads=15 \
'msin=[L723586_SB001_uaveraged_v_12E068069t_160MHz.msdpppconcat, L723586_SB001_uaveraged_v_12E068069t_162MHz.msdpppconcat, L723586_SB001_uaveraged_v_12E068069t_164MHz.msdpppconcat,
L723586_SB001_uaveraged_v_12E068069t_166MHz.msdpppconcat]' msout=L723586_160s_averaged.MS msout.storagemanager=dysco

This worked. Running selfcal again on this small dataG
python /scratch/WORK/hrishi/lofar-vlbi/lofar_facet_selfcal/facetselfcal.py L723586_1?0s_averaged.MS --imsize=2048 -i OJ287_facetselfcal_1 --pixelscale=0.075 --robust=0 --skymodelpointsource=0.8 \
--uvmin=200 --soltype-list="['phaseonly','amplitudeonly','fulljones']" --soltypecycles-list="[0,0,2]" --solint-list="['5min','5min','10min']" --nchan-list="[1,1,1]" \
--smoothnessconstraint-list="[5.0,5.0,5.0]" --docircular --antennaconstraint-list="['alldutch',None,None]" --stop=10 \
--helperscriptspath=/scratch/WORK/hrishi/lofar-vlbi/lofar_facet_selfcal --helperscriptspathh5merge=/scratch/WORK/hrishi/lofar-vlbi/lofar_helpers/ > facet_selfcal_13thMarch_1.log 2>&1
